<?xml version="1.0" encoding="UTF-8"?>
<!-- Generated by org.testng.reporters.JUnitReportReporter -->
<testsuite hostname="LAPTOP-SP4PVLF4" failures="0" tests="1" name="casestudyseleniumframework.selenuimwebdrivertestng" time="179.968" errors="0" timestamp="9 Nov 2022 19:59:47 GMT">
  <testcase classname="casestudyseleniumframework.selenuimwebdrivertestng" name="test" time="179.968"/>
</testsuite> <!-- casestudyseleniumframework.selenuimwebdrivertestng -->
